<?xml version="1.0" encoding="UTF-8"?><testsuite errors="0" failures="1" name="Testing of the flights module" skipped="0" tests="1" time="30.46" timestamp="2023-09-27 05:25:03"><testcase name="Search for flights for a specific destination"><failure message="&#13;&#10;Expected: is &lt;false&gt;&#13;&#10;     but: was &lt;true&gt;" type="java.lang.AssertionError">&#13;
Expected: is &lt;false&gt;&#13;
     but: was &lt;true&gt;</failure><system-err>&#13;
Expected: is &lt;false&gt;&#13;
     but: was &lt;true&gt;&#13;
com.booking.stepsdefinitions.FlightsStepDefinition.theUserShouldSeeTheResultsOfTheirSearch(FlightsStepDefinition.java:41)&#13;
âœ½.the user should see the results of their search(file:///C:/Users/SenaSOFT/Desktop/Senasoft2023Grupo7/Automatizacion/Screenplay/Senasoft/src/test/resources/features/flights.feature:6)&#13;
</system-err></testcase></testsuite>